<?xml version="1.0" encoding="UTF-8"?>
<testsuites>
  <testsuite name="C:\xampp\htdocs\bank-sampah-main\phpunit.xml" tests="7" assertions="3" errors="5" failures="2" skipped="0" time="0.393233">
    <testsuite name="Feature" tests="7" assertions="3" errors="5" failures="2" skipped="0" time="0.393233">
      <testsuite name="Tests\Feature\CrudExportFrontendTest" file="C:\xampp\htdocs\bank-sampah-main\tests\Feature\CrudExportFrontendTest.php" tests="7" assertions="3" errors="5" failures="2" skipped="0" time="0.393233">
        <testcase name="test_crud_jenis_sampah" file="C:\xampp\htdocs\bank-sampah-main\tests\Feature\CrudExportFrontendTest.php" line="29" class="Tests\Feature\CrudExportFrontendTest" classname="Tests.Feature.CrudExportFrontendTest" assertions="1" time="0.370699">
          <failure type="PHPUnit\Framework\ExpectationFailedException">Tests\Feature\CrudExportFrontendTest::test_crud_jenis_sampah&#13;
Expected response status code [200] but received 500.
Failed asserting that 200 is identical to 500.&#13;
&#13;
The following exception occurred during the last request:

PDOException: SQLSTATE[01000]: Warning: 1265 Data truncated for column 'kategori' at row 1 in C:\xampp\htdocs\bank-sampah-main\vendor\laravel\framework\src\Illuminate\Database\Connection.php:580
Stack trace:
#0 C:\xampp\htdocs\bank-sampah-main\vendor\laravel\framework\src\Illuminate\Database\Connection.php(580): PDOStatement-&gt;execute()
#1 C:\xampp\htdocs\bank-sampah-main\vendor\laravel\framework\src\Illuminate\Database\Connection.php(788): Illuminate\Database\Connection-&gt;Illuminate\Database\{closure}('insert into `je...', Array)
#2 C:\xampp\htdocs\bank-sampah-main\vendor\laravel\framework\src\Illuminate\Database\Connection.php(755): Illuminate\Database\Connection-&gt;runQueryCallback('insert into `je...', Array, Object(Closure))
#3 C:\xampp\htdocs\bank-sampah-main\vendor\laravel\framework\src\Illuminate\Database\Connection.php(569): Illuminate\Database\Connection-&gt;run('insert into `je...', Array, Object(Closure))
#4 C:\xampp\htdocs\bank-sampah-main\vendor\laravel\framework\src\Illuminate\Database\Connection.php(533): Illuminate\Database\Connection-&gt;statement('insert into `je...', Array)
#5 C:\xampp\htdocs\bank-sampah-main\vendor\laravel\framework\src\Illuminate\Database\Query\Processors\Processor.php(32): Illuminate\Database\Connection-&gt;insert('insert into `je...', Array)
#6 C:\xampp\htdocs\bank-sampah-main\vendor\laravel\framework\src\Illuminate\Database\Query\Builder.php(3387): Illuminate\Database\Query\Processors\Processor-&gt;processInsertGetId(Object(Illuminate\Database\Query\Builder), 'insert into `je...', Array, 'id')
#7 C:\xampp\htdocs\bank-sampah-main\vendor\laravel\framework\src\Illuminate\Database\Eloquent\Builder.php(1966): Illuminate\Database\Query\Builder-&gt;insertGetId(Array, 'id')
#8 C:\xampp\htdocs\bank-sampah-main\vendor\laravel\framework\src\Illuminate\Database\Eloquent\Model.php(1333): Illuminate\Database\Eloquent\Builder-&gt;__call('insertGetId', Array)
#9 C:\xampp\htdocs\bank-sampah-main\vendor\laravel\framework\src\Illuminate\Database\Eloquent\Model.php(1298): Illuminate\Database\Eloquent\Model-&gt;insertAndSetId(Object(Illuminate\Database\Eloquent\Builder), Array)
#10 C:\xampp\htdocs\bank-sampah-main\vendor\laravel\framework\src\Illuminate\Database\Eloquent\Model.php(1137): Illuminate\Database\Eloquent\Model-&gt;performInsert(Object(Illuminate\Database\Eloquent\Builder))
#11 C:\xampp\htdocs\bank-sampah-main\vendor\laravel\framework\src\Illuminate\Database\Eloquent\Builder.php(1021): Illuminate\Database\Eloquent\Model-&gt;save()
#12 C:\xampp\htdocs\bank-sampah-main\vendor\laravel\framework\src\Illuminate\Support\helpers.php(307): Illuminate\Database\Eloquent\Builder-&gt;Illuminate\Database\Eloquent\{closure}(Object(App\Models\Jenis_sampah))
#13 C:\xampp\htdocs\bank-sampah-main\vendor\laravel\framework\src\Illuminate\Database\Eloquent\Builder.php(1020): tap(Object(App\Models\Jenis_sampah), Object(Closure))
#14 C:\xampp\htdocs\bank-sampah-main\vendor\laravel\framework\src\Illuminate\Support\Traits\ForwardsCalls.php(23): Illuminate\Database\Eloquent\Builder-&gt;create(Array)
#15 C:\xampp\htdocs\bank-sampah-main\vendor\laravel\framework\src\Illuminate\Database\Eloquent\Model.php(2333): Illuminate\Database\Eloquent\Model-&gt;forwardCallTo(Object(Illuminate\Database\Eloquent\Builder), 'create', Array)
#16 C:\xampp\htdocs\bank-sampah-main\vendor\laravel\framework\src\Illuminate\Database\Eloquent\Model.php(2345): Illuminate\Database\Eloquent\Model-&gt;__call('create', Array)
#17 C:\xampp\htdocs\bank-sampah-main\app\Http\Controllers\JenisSampahController.php(57): Illuminate\Database\Eloquent\Model::__callStatic('create', Array)
#18 C:\xampp\htdocs\bank-sampah-main\vendor\laravel\framework\src\Illuminate\Routing\Controller.php(54): App\Http\Controllers\JenisSampahController-&gt;store(Object(Illuminate\Http\Request))
#19 C:\xampp\htdocs\bank-sampah-main\vendor\laravel\framework\src\Illuminate\Routing\ControllerDispatcher.php(43): Illuminate\Routing\Controller-&gt;callAction('store', Array)
#20 C:\xampp\htdocs\bank-sampah-main\vendor\laravel\framework\src\Illuminate\Routing\Route.php(259): Illuminate\Routing\ControllerDispatcher-&gt;dispatch(Object(Illuminate\Routing\Route), Object(App\Http\Controllers\JenisSampahController), 'store')
#21 C:\xampp\htdocs\bank-sampah-main\vendor\laravel\framework\src\Illuminate\Routing\Route.php(205): Illuminate\Routing\Route-&gt;runController()
#22 C:\xampp\htdocs\bank-sampah-main\vendor\laravel\framework\src\Illuminate\Routing\Router.php(799): Illuminate\Routing\Route-&gt;run()
#23 C:\xampp\htdocs\bank-sampah-main\vendor\laravel\framework\src\Illuminate\Pipeline\Pipeline.php(141): Illuminate\Routing\Router-&gt;Illuminate\Routing\{closure}(Object(Illuminate\Http\Request))
#24 C:\xampp\htdocs\bank-sampah-main\vendor\laravel\framework\src\Illuminate\Routing\Middleware\SubstituteBindings.php(50): Illuminate\Pipeline\Pipeline-&gt;Illuminate\Pipeline\{closure}(Object(Illuminate\Http\Request))
#25 C:\xampp\htdocs\bank-sampah-main\vendor\laravel\framework\src\Illuminate\Pipeline\Pipeline.php(180): Illuminate\Routing\Middleware\SubstituteBindings-&gt;handle(Object(Illuminate\Http\Request), Object(Closure))
#26 C:\xampp\htdocs\bank-sampah-main\vendor\laravel\framework\src\Illuminate\Auth\Middleware\Authenticate.php(57): Illuminate\Pipeline\Pipeline-&gt;Illuminate\Pipeline\{closure}(Object(Illuminate\Http\Request))
#27 C:\xampp\htdocs\bank-sampah-main\vendor\laravel\framework\src\Illuminate\Pipeline\Pipeline.php(180): Illuminate\Auth\Middleware\Authenticate-&gt;handle(Object(Illuminate\Http\Request), Object(Closure))
#28 C:\xampp\htdocs\bank-sampah-main\vendor\laravel\framework\src\Illuminate\Foundation\Http\Middleware\VerifyCsrfToken.php(78): Illuminate\Pipeline\Pipeline-&gt;Illuminate\Pipeline\{closure}(Object(Illuminate\Http\Request))
#29 C:\xampp\htdocs\bank-sampah-main\vendor\laravel\framework\src\Illuminate\Pipeline\Pipeline.php(180): Illuminate\Foundation\Http\Middleware\VerifyCsrfToken-&gt;handle(Object(Illuminate\Http\Request), Object(Closure))
#30 C:\xampp\htdocs\bank-sampah-main\vendor\laravel\framework\src\Illuminate\View\Middleware\ShareErrorsFromSession.php(49): Illuminate\Pipeline\Pipeline-&gt;Illuminate\Pipeline\{closure}(Object(Illuminate\Http\Request))
#31 C:\xampp\htdocs\bank-sampah-main\vendor\laravel\framework\src\Illuminate\Pipeline\Pipeline.php(180): Illuminate\View\Middleware\ShareErrorsFromSession-&gt;handle(Object(Illuminate\Http\Request), Object(Closure))
#32 C:\xampp\htdocs\bank-sampah-main\vendor\laravel\framework\src\Illuminate\Session\Middleware\StartSession.php(121): Illuminate\Pipeline\Pipeline-&gt;Illuminate\Pipeline\{closure}(Object(Illuminate\Http\Request))
#33 C:\xampp\htdocs\bank-sampah-main\vendor\laravel\framework\src\Illuminate\Session\Middleware\StartSession.php(64): Illuminate\Session\Middleware\StartSession-&gt;handleStatefulRequest(Object(Illuminate\Http\Request), Object(Illuminate\Session\Store), Object(Closure))
#34 C:\xampp\htdocs\bank-sampah-main\vendor\laravel\framework\src\Illuminate\Pipeline\Pipeline.php(180): Illuminate\Session\Middleware\StartSession-&gt;handle(Object(Illuminate\Http\Request), Object(Closure))
#35 C:\xampp\htdocs\bank-sampah-main\vendor\laravel\framework\src\Illuminate\Cookie\Middleware\AddQueuedCookiesToResponse.php(37): Illuminate\Pipeline\Pipeline-&gt;Illuminate\Pipeline\{closure}(Object(Illuminate\Http\Request))
#36 C:\xampp\htdocs\bank-sampah-main\vendor\laravel\framework\src\Illuminate\Pipeline\Pipeline.php(180): Illuminate\Cookie\Middleware\AddQueuedCookiesToResponse-&gt;handle(Object(Illuminate\Http\Request), Object(Closure))
#37 C:\xampp\htdocs\bank-sampah-main\vendor\laravel\framework\src\Illuminate\Cookie\Middleware\EncryptCookies.php(67): Illuminate\Pipeline\Pipeline-&gt;Illuminate\Pipeline\{closure}(Object(Illuminate\Http\Request))
#38 C:\xampp\htdocs\bank-sampah-main\vendor\laravel\framework\src\Illuminate\Pipeline\Pipeline.php(180): Illuminate\Cookie\Middleware\EncryptCookies-&gt;handle(Object(Illuminate\Http\Request), Object(Closure))
#39 C:\xampp\htdocs\bank-sampah-main\vendor\laravel\framework\src\Illuminate\Pipeline\Pipeline.php(116): Illuminate\Pipeline\Pipeline-&gt;Illuminate\Pipeline\{closure}(Object(Illuminate\Http\Request))
#40 C:\xampp\htdocs\bank-sampah-main\vendor\laravel\framework\src\Illuminate\Routing\Router.php(798): Illuminate\Pipeline\Pipeline-&gt;then(Object(Closure))
#41 C:\xampp\htdocs\bank-sampah-main\vendor\laravel\framework\src\Illuminate\Routing\Router.php(777): Illuminate\Routing\Router-&gt;runRouteWithinStack(Object(Illuminate\Routing\Route), Object(Illuminate\Http\Request))
#42 C:\xampp\htdocs\bank-sampah-main\vendor\laravel\framework\src\Illuminate\Routing\Router.php(741): Illuminate\Routing\Router-&gt;runRoute(Object(Illuminate\Http\Request), Object(Illuminate\Routing\Route))
#43 C:\xampp\htdocs\bank-sampah-main\vendor\laravel\framework\src\Illuminate\Routing\Router.php(730): Illuminate\Routing\Router-&gt;dispatchToRoute(Object(Illuminate\Http\Request))
#44 C:\xampp\htdocs\bank-sampah-main\vendor\laravel\framework\src\Illuminate\Foundation\Http\Kernel.php(200): Illuminate\Routing\Router-&gt;dispatch(Object(Illuminate\Http\Request))
#45 C:\xampp\htdocs\bank-sampah-main\vendor\laravel\framework\src\Illuminate\Pipeline\Pipeline.php(141): Illuminate\Foundation\Http\Kernel-&gt;Illuminate\Foundation\Http\{closure}(Object(Illuminate\Http\Request))
#46 C:\xampp\htdocs\bank-sampah-main\vendor\laravel\framework\src\Illuminate\Foundation\Http\Middleware\TransformsRequest.php(21): Illuminate\Pipeline\Pipeline-&gt;Illuminate\Pipeline\{closure}(Object(Illuminate\Http\Request))
#47 C:\xampp\htdocs\bank-sampah-main\vendor\laravel\framework\src\Illuminate\Foundation\Http\Middleware\ConvertEmptyStringsToNull.php(31): Illuminate\Foundation\Http\Middleware\TransformsRequest-&gt;handle(Object(Illuminate\Http\Request), Object(Closure))
#48 C:\xampp\htdocs\bank-sampah-main\vendor\laravel\framework\src\Illuminate\Pipeline\Pipeline.php(180): Illuminate\Foundation\Http\Middleware\ConvertEmptyStringsToNull-&gt;handle(Object(Illuminate\Http\Request), Object(Closure))
#49 C:\xampp\htdocs\bank-sampah-main\vendor\laravel\framework\src\Illuminate\Foundation\Http\Middleware\TransformsRequest.php(21): Illuminate\Pipeline\Pipeline-&gt;Illuminate\Pipeline\{closure}(Object(Illuminate\Http\Request))
#50 C:\xampp\htdocs\bank-sampah-main\vendor\laravel\framework\src\Illuminate\Foundation\Http\Middleware\TrimStrings.php(40): Illuminate\Foundation\Http\Middleware\TransformsRequest-&gt;handle(Object(Illuminate\Http\Request), Object(Closure))
#51 C:\xampp\htdocs\bank-sampah-main\vendor\laravel\framework\src\Illuminate\Pipeline\Pipeline.php(180): Illuminate\Foundation\Http\Middleware\TrimStrings-&gt;handle(Object(Illuminate\Http\Request), Object(Closure))
#52 C:\xampp\htdocs\bank-sampah-main\vendor\laravel\framework\src\Illuminate\Foundation\Http\Middleware\ValidatePostSize.php(27): Illuminate\Pipeline\Pipeline-&gt;Illuminate\Pipeline\{closure}(Object(Illuminate\Http\Request))
#53 C:\xampp\htdocs\bank-sampah-main\vendor\laravel\framework\src\Illuminate\Pipeline\Pipeline.php(180): Illuminate\Foundation\Http\Middleware\ValidatePostSize-&gt;handle(Object(Illuminate\Http\Request), Object(Closure))
#54 C:\xampp\htdocs\bank-sampah-main\vendor\laravel\framework\src\Illuminate\Foundation\Http\Middleware\PreventRequestsDuringMaintenance.php(99): Illuminate\Pipeline\Pipeline-&gt;Illuminate\Pipeline\{closure}(Object(Illuminate\Http\Request))
#55 C:\xampp\htdocs\bank-sampah-main\vendor\laravel\framework\src\Illuminate\Pipeline\Pipeline.php(180): Illuminate\Foundation\Http\Middleware\PreventRequestsDuringMaintenance-&gt;handle(Object(Illuminate\Http\Request), Object(Closure))
#56 C:\xampp\htdocs\bank-sampah-main\vendor\laravel\framework\src\Illuminate\Http\Middleware\HandleCors.php(49): Illuminate\Pipeline\Pipeline-&gt;Illuminate\Pipeline\{closure}(Object(Illuminate\Http\Request))
#57 C:\xampp\htdocs\bank-sampah-main\vendor\laravel\framework\src\Illuminate\Pipeline\Pipeline.php(180): Illuminate\Http\Middleware\HandleCors-&gt;handle(Object(Illuminate\Http\Request), Object(Closure))
#58 C:\xampp\htdocs\bank-sampah-main\vendor\laravel\framework\src\Illuminate\Http\Middleware\TrustProxies.php(39): Illuminate\Pipeline\Pipeline-&gt;Illuminate\Pipeline\{closure}(Object(Illuminate\Http\Request))
#59 C:\xampp\htdocs\bank-sampah-main\vendor\laravel\framework\src\Illuminate\Pipeline\Pipeline.php(180): Illuminate\Http\Middleware\TrustProxies-&gt;handle(Object(Illuminate\Http\Request), Object(Closure))
#60 C:\xampp\htdocs\bank-sampah-main\vendor\laravel\framework\src\Illuminate\Pipeline\Pipeline.php(116): Illuminate\Pipeline\Pipeline-&gt;Illuminate\Pipeline\{closure}(Object(Illuminate\Http\Request))
#61 C:\xampp\htdocs\bank-sampah-main\vendor\laravel\framework\src\Illuminate\Foundation\Http\Kernel.php(175): Illuminate\Pipeline\Pipeline-&gt;then(Object(Closure))
#62 C:\xampp\htdocs\bank-sampah-main\vendor\laravel\framework\src\Illuminate\Foundation\Http\Kernel.php(144): Illuminate\Foundation\Http\Kernel-&gt;sendRequestThroughRouter(Object(Illuminate\Http\Request))
#63 C:\xampp\htdocs\bank-sampah-main\vendor\laravel\framework\src\Illuminate\Foundation\Testing\Concerns\MakesHttpRequests.php(573): Illuminate\Foundation\Http\Kernel-&gt;handle(Object(Illuminate\Http\Request))
#64 C:\xampp\htdocs\bank-sampah-main\vendor\laravel\framework\src\Illuminate\Foundation\Testing\Concerns\MakesHttpRequests.php(363): Illuminate\Foundation\Testing\TestCase-&gt;call('POST', 'http://localhos...', Array, Array, Array, Array)
#65 C:\xampp\htdocs\bank-sampah-main\tests\Feature\CrudExportFrontendTest.php(34): Illuminate\Foundation\Testing\TestCase-&gt;post('http://localhos...', Array)
#66 C:\xampp\htdocs\bank-sampah-main\vendor\phpunit\phpunit\src\Framework\TestCase.php(1102): Tests\Feature\CrudExportFrontendTest-&gt;test_crud_jenis_sampah()
#67 C:\xampp\htdocs\bank-sampah-main\vendor\laravel\framework\src\Illuminate\Foundation\Testing\TestCase.php(174): PHPUnit\Framework\TestCase-&gt;runTest()
#68 C:\xampp\htdocs\bank-sampah-main\vendor\phpunit\phpunit\src\Framework\TestCase.php(653): Illuminate\Foundation\Testing\TestCase-&gt;runTest()
#69 C:\xampp\htdocs\bank-sampah-main\vendor\phpunit\phpunit\src\Framework\TestRunner.php(103): PHPUnit\Framework\TestCase-&gt;runBare()
#70 C:\xampp\htdocs\bank-sampah-main\vendor\phpunit\phpunit\src\Framework\TestCase.php(489): PHPUnit\Framework\TestRunner-&gt;run(Object(Tests\Feature\CrudExportFrontendTest))
#71 C:\xampp\htdocs\bank-sampah-main\vendor\phpunit\phpunit\src\Framework\TestSuite.php(340): PHPUnit\Framework\TestCase-&gt;run()
#72 C:\xampp\htdocs\bank-sampah-main\vendor\phpunit\phpunit\src\Framework\TestSuite.php(340): PHPUnit\Framework\TestSuite-&gt;run()
#73 C:\xampp\htdocs\bank-sampah-main\vendor\phpunit\phpunit\src\Framework\TestSuite.php(340): PHPUnit\Framework\TestSuite-&gt;run()
#74 C:\xampp\htdocs\bank-sampah-main\vendor\phpunit\phpunit\src\TextUI\TestRunner.php(63): PHPUnit\Framework\TestSuite-&gt;run()
#75 C:\xampp\htdocs\bank-sampah-main\vendor\phpunit\phpunit\src\TextUI\Application.php(176): PHPUnit\TextUI\TestRunner-&gt;run(Object(PHPUnit\TextUI\Configuration\Configuration), Object(PHPUnit\Runner\ResultCache\DefaultResultCache), Object(PHPUnit\Framework\TestSuite))
#76 C:\xampp\htdocs\bank-sampah-main\vendor\phpunit\phpunit\phpunit(99): PHPUnit\TextUI\Application-&gt;run(Array)
#77 {main}

Next Illuminate\Database\QueryException: SQLSTATE[01000]: Warning: 1265 Data truncated for column 'kategori' at row 1 (Connection: mysql, SQL: insert into `jenis_sampahs` (`name`, `kategori`, `harga`, `deskripsi`, `foto`, `updated_at`, `created_at`) values (Plastik, Sampah Kering, 500, Sampah plastik, ?, 2025-06-17 14:12:35, 2025-06-17 14:12:35)) in C:\xampp\htdocs\bank-sampah-main\vendor\laravel\framework\src\Illuminate\Database\Connection.php:801
Stack trace:
#0 C:\xampp\htdocs\bank-sampah-main\vendor\laravel\framework\src\Illuminate\Database\Connection.php(755): Illuminate\Database\Connection-&gt;runQueryCallback('insert into `je...', Array, Object(Closure))
#1 C:\xampp\htdocs\bank-sampah-main\vendor\laravel\framework\src\Illuminate\Database\Connection.php(569): Illuminate\Database\Connection-&gt;run('insert into `je...', Array, Object(Closure))
#2 C:\xampp\htdocs\bank-sampah-main\vendor\laravel\framework\src\Illuminate\Database\Connection.php(533): Illuminate\Database\Connection-&gt;statement('insert into `je...', Array)
#3 C:\xampp\htdocs\bank-sampah-main\vendor\laravel\framework\src\Illuminate\Database\Query\Processors\Processor.php(32): Illuminate\Database\Connection-&gt;insert('insert into `je...', Array)
#4 C:\xampp\htdocs\bank-sampah-main\vendor\laravel\framework\src\Illuminate\Database\Query\Builder.php(3387): Illuminate\Database\Query\Processors\Processor-&gt;processInsertGetId(Object(Illuminate\Database\Query\Builder), 'insert into `je...', Array, 'id')
#5 C:\xampp\htdocs\bank-sampah-main\vendor\laravel\framework\src\Illuminate\Database\Eloquent\Builder.php(1966): Illuminate\Database\Query\Builder-&gt;insertGetId(Array, 'id')
#6 C:\xampp\htdocs\bank-sampah-main\vendor\laravel\framework\src\Illuminate\Database\Eloquent\Model.php(1333): Illuminate\Database\Eloquent\Builder-&gt;__call('insertGetId', Array)
#7 C:\xampp\htdocs\bank-sampah-main\vendor\laravel\framework\src\Illuminate\Database\Eloquent\Model.php(1298): Illuminate\Database\Eloquent\Model-&gt;insertAndSetId(Object(Illuminate\Database\Eloquent\Builder), Array)
#8 C:\xampp\htdocs\bank-sampah-main\vendor\laravel\framework\src\Illuminate\Database\Eloquent\Model.php(1137): Illuminate\Database\Eloquent\Model-&gt;performInsert(Object(Illuminate\Database\Eloquent\Builder))
#9 C:\xampp\htdocs\bank-sampah-main\vendor\laravel\framework\src\Illuminate\Database\Eloquent\Builder.php(1021): Illuminate\Database\Eloquent\Model-&gt;save()
#10 C:\xampp\htdocs\bank-sampah-main\vendor\laravel\framework\src\Illuminate\Support\helpers.php(307): Illuminate\Database\Eloquent\Builder-&gt;Illuminate\Database\Eloquent\{closure}(Object(App\Models\Jenis_sampah))
#11 C:\xampp\htdocs\bank-sampah-main\vendor\laravel\framework\src\Illuminate\Database\Eloquent\Builder.php(1020): tap(Object(App\Models\Jenis_sampah), Object(Closure))
#12 C:\xampp\htdocs\bank-sampah-main\vendor\laravel\framework\src\Illuminate\Support\Traits\ForwardsCalls.php(23): Illuminate\Database\Eloquent\Builder-&gt;create(Array)
#13 C:\xampp\htdocs\bank-sampah-main\vendor\laravel\framework\src\Illuminate\Database\Eloquent\Model.php(2333): Illuminate\Database\Eloquent\Model-&gt;forwardCallTo(Object(Illuminate\Database\Eloquent\Builder), 'create', Array)
#14 C:\xampp\htdocs\bank-sampah-main\vendor\laravel\framework\src\Illuminate\Database\Eloquent\Model.php(2345): Illuminate\Database\Eloquent\Model-&gt;__call('create', Array)
#15 C:\xampp\htdocs\bank-sampah-main\app\Http\Controllers\JenisSampahController.php(57): Illuminate\Database\Eloquent\Model::__callStatic('create', Array)
#16 C:\xampp\htdocs\bank-sampah-main\vendor\laravel\framework\src\Illuminate\Routing\Controller.php(54): App\Http\Controllers\JenisSampahController-&gt;store(Object(Illuminate\Http\Request))
#17 C:\xampp\htdocs\bank-sampah-main\vendor\laravel\framework\src\Illuminate\Routing\ControllerDispatcher.php(43): Illuminate\Routing\Controller-&gt;callAction('store', Array)
#18 C:\xampp\htdocs\bank-sampah-main\vendor\laravel\framework\src\Illuminate\Routing\Route.php(259): Illuminate\Routing\ControllerDispatcher-&gt;dispatch(Object(Illuminate\Routing\Route), Object(App\Http\Controllers\JenisSampahController), 'store')
#19 C:\xampp\htdocs\bank-sampah-main\vendor\laravel\framework\src\Illuminate\Routing\Route.php(205): Illuminate\Routing\Route-&gt;runController()
#20 C:\xampp\htdocs\bank-sampah-main\vendor\laravel\framework\src\Illuminate\Routing\Router.php(799): Illuminate\Routing\Route-&gt;run()
#21 C:\xampp\htdocs\bank-sampah-main\vendor\laravel\framework\src\Illuminate\Pipeline\Pipeline.php(141): Illuminate\Routing\Router-&gt;Illuminate\Routing\{closure}(Object(Illuminate\Http\Request))
#22 C:\xampp\htdocs\bank-sampah-main\vendor\laravel\framework\src\Illuminate\Routing\Middleware\SubstituteBindings.php(50): Illuminate\Pipeline\Pipeline-&gt;Illuminate\Pipeline\{closure}(Object(Illuminate\Http\Request))
#23 C:\xampp\htdocs\bank-sampah-main\vendor\laravel\framework\src\Illuminate\Pipeline\Pipeline.php(180): Illuminate\Routing\Middleware\SubstituteBindings-&gt;handle(Object(Illuminate\Http\Request), Object(Closure))
#24 C:\xampp\htdocs\bank-sampah-main\vendor\laravel\framework\src\Illuminate\Auth\Middleware\Authenticate.php(57): Illuminate\Pipeline\Pipeline-&gt;Illuminate\Pipeline\{closure}(Object(Illuminate\Http\Request))
#25 C:\xampp\htdocs\bank-sampah-main\vendor\laravel\framework\src\Illuminate\Pipeline\Pipeline.php(180): Illuminate\Auth\Middleware\Authenticate-&gt;handle(Object(Illuminate\Http\Request), Object(Closure))
#26 C:\xampp\htdocs\bank-sampah-main\vendor\laravel\framework\src\Illuminate\Foundation\Http\Middleware\VerifyCsrfToken.php(78): Illuminate\Pipeline\Pipeline-&gt;Illuminate\Pipeline\{closure}(Object(Illuminate\Http\Request))
#27 C:\xampp\htdocs\bank-sampah-main\vendor\laravel\framework\src\Illuminate\Pipeline\Pipeline.php(180): Illuminate\Foundation\Http\Middleware\VerifyCsrfToken-&gt;handle(Object(Illuminate\Http\Request), Object(Closure))
#28 C:\xampp\htdocs\bank-sampah-main\vendor\laravel\framework\src\Illuminate\View\Middleware\ShareErrorsFromSession.php(49): Illuminate\Pipeline\Pipeline-&gt;Illuminate\Pipeline\{closure}(Object(Illuminate\Http\Request))
#29 C:\xampp\htdocs\bank-sampah-main\vendor\laravel\framework\src\Illuminate\Pipeline\Pipeline.php(180): Illuminate\View\Middleware\ShareErrorsFromSession-&gt;handle(Object(Illuminate\Http\Request), Object(Closure))
#30 C:\xampp\htdocs\bank-sampah-main\vendor\laravel\framework\src\Illuminate\Session\Middleware\StartSession.php(121): Illuminate\Pipeline\Pipeline-&gt;Illuminate\Pipeline\{closure}(Object(Illuminate\Http\Request))
#31 C:\xampp\htdocs\bank-sampah-main\vendor\laravel\framework\src\Illuminate\Session\Middleware\StartSession.php(64): Illuminate\Session\Middleware\StartSession-&gt;handleStatefulRequest(Object(Illuminate\Http\Request), Object(Illuminate\Session\Store), Object(Closure))
#32 C:\xampp\htdocs\bank-sampah-main\vendor\laravel\framework\src\Illuminate\Pipeline\Pipeline.php(180): Illuminate\Session\Middleware\StartSession-&gt;handle(Object(Illuminate\Http\Request), Object(Closure))
#33 C:\xampp\htdocs\bank-sampah-main\vendor\laravel\framework\src\Illuminate\Cookie\Middleware\AddQueuedCookiesToResponse.php(37): Illuminate\Pipeline\Pipeline-&gt;Illuminate\Pipeline\{closure}(Object(Illuminate\Http\Request))
#34 C:\xampp\htdocs\bank-sampah-main\vendor\laravel\framework\src\Illuminate\Pipeline\Pipeline.php(180): Illuminate\Cookie\Middleware\AddQueuedCookiesToResponse-&gt;handle(Object(Illuminate\Http\Request), Object(Closure))
#35 C:\xampp\htdocs\bank-sampah-main\vendor\laravel\framework\src\Illuminate\Cookie\Middleware\EncryptCookies.php(67): Illuminate\Pipeline\Pipeline-&gt;Illuminate\Pipeline\{closure}(Object(Illuminate\Http\Request))
#36 C:\xampp\htdocs\bank-sampah-main\vendor\laravel\framework\src\Illuminate\Pipeline\Pipeline.php(180): Illuminate\Cookie\Middleware\EncryptCookies-&gt;handle(Object(Illuminate\Http\Request), Object(Closure))
#37 C:\xampp\htdocs\bank-sampah-main\vendor\laravel\framework\src\Illuminate\Pipeline\Pipeline.php(116): Illuminate\Pipeline\Pipeline-&gt;Illuminate\Pipeline\{closure}(Object(Illuminate\Http\Request))
#38 C:\xampp\htdocs\bank-sampah-main\vendor\laravel\framework\src\Illuminate\Routing\Router.php(798): Illuminate\Pipeline\Pipeline-&gt;then(Object(Closure))
#39 C:\xampp\htdocs\bank-sampah-main\vendor\laravel\framework\src\Illuminate\Routing\Router.php(777): Illuminate\Routing\Router-&gt;runRouteWithinStack(Object(Illuminate\Routing\Route), Object(Illuminate\Http\Request))
#40 C:\xampp\htdocs\bank-sampah-main\vendor\laravel\framework\src\Illuminate\Routing\Router.php(741): Illuminate\Routing\Router-&gt;runRoute(Object(Illuminate\Http\Request), Object(Illuminate\Routing\Route))
#41 C:\xampp\htdocs\bank-sampah-main\vendor\laravel\framework\src\Illuminate\Routing\Router.php(730): Illuminate\Routing\Router-&gt;dispatchToRoute(Object(Illuminate\Http\Request))
#42 C:\xampp\htdocs\bank-sampah-main\vendor\laravel\framework\src\Illuminate\Foundation\Http\Kernel.php(200): Illuminate\Routing\Router-&gt;dispatch(Object(Illuminate\Http\Request))
#43 C:\xampp\htdocs\bank-sampah-main\vendor\laravel\framework\src\Illuminate\Pipeline\Pipeline.php(141): Illuminate\Foundation\Http\Kernel-&gt;Illuminate\Foundation\Http\{closure}(Object(Illuminate\Http\Request))
#44 C:\xampp\htdocs\bank-sampah-main\vendor\laravel\framework\src\Illuminate\Foundation\Http\Middleware\TransformsRequest.php(21): Illuminate\Pipeline\Pipeline-&gt;Illuminate\Pipeline\{closure}(Object(Illuminate\Http\Request))
#45 C:\xampp\htdocs\bank-sampah-main\vendor\laravel\framework\src\Illuminate\Foundation\Http\Middleware\ConvertEmptyStringsToNull.php(31): Illuminate\Foundation\Http\Middleware\TransformsRequest-&gt;handle(Object(Illuminate\Http\Request), Object(Closure))
#46 C:\xampp\htdocs\bank-sampah-main\vendor\laravel\framework\src\Illuminate\Pipeline\Pipeline.php(180): Illuminate\Foundation\Http\Middleware\ConvertEmptyStringsToNull-&gt;handle(Object(Illuminate\Http\Request), Object(Closure))
#47 C:\xampp\htdocs\bank-sampah-main\vendor\laravel\framework\src\Illuminate\Foundation\Http\Middleware\TransformsRequest.php(21): Illuminate\Pipeline\Pipeline-&gt;Illuminate\Pipeline\{closure}(Object(Illuminate\Http\Request))
#48 C:\xampp\htdocs\bank-sampah-main\vendor\laravel\framework\src\Illuminate\Foundation\Http\Middleware\TrimStrings.php(40): Illuminate\Foundation\Http\Middleware\TransformsRequest-&gt;handle(Object(Illuminate\Http\Request), Object(Closure))
#49 C:\xampp\htdocs\bank-sampah-main\vendor\laravel\framework\src\Illuminate\Pipeline\Pipeline.php(180): Illuminate\Foundation\Http\Middleware\TrimStrings-&gt;handle(Object(Illuminate\Http\Request), Object(Closure))
#50 C:\xampp\htdocs\bank-sampah-main\vendor\laravel\framework\src\Illuminate\Foundation\Http\Middleware\ValidatePostSize.php(27): Illuminate\Pipeline\Pipeline-&gt;Illuminate\Pipeline\{closure}(Object(Illuminate\Http\Request))
#51 C:\xampp\htdocs\bank-sampah-main\vendor\laravel\framework\src\Illuminate\Pipeline\Pipeline.php(180): Illuminate\Foundation\Http\Middleware\ValidatePostSize-&gt;handle(Object(Illuminate\Http\Request), Object(Closure))
#52 C:\xampp\htdocs\bank-sampah-main\vendor\laravel\framework\src\Illuminate\Foundation\Http\Middleware\PreventRequestsDuringMaintenance.php(99): Illuminate\Pipeline\Pipeline-&gt;Illuminate\Pipeline\{closure}(Object(Illuminate\Http\Request))
#53 C:\xampp\htdocs\bank-sampah-main\vendor\laravel\framework\src\Illuminate\Pipeline\Pipeline.php(180): Illuminate\Foundation\Http\Middleware\PreventRequestsDuringMaintenance-&gt;handle(Object(Illuminate\Http\Request), Object(Closure))
#54 C:\xampp\htdocs\bank-sampah-main\vendor\laravel\framework\src\Illuminate\Http\Middleware\HandleCors.php(49): Illuminate\Pipeline\Pipeline-&gt;Illuminate\Pipeline\{closure}(Object(Illuminate\Http\Request))
#55 C:\xampp\htdocs\bank-sampah-main\vendor\laravel\framework\src\Illuminate\Pipeline\Pipeline.php(180): Illuminate\Http\Middleware\HandleCors-&gt;handle(Object(Illuminate\Http\Request), Object(Closure))
#56 C:\xampp\htdocs\bank-sampah-main\vendor\laravel\framework\src\Illuminate\Http\Middleware\TrustProxies.php(39): Illuminate\Pipeline\Pipeline-&gt;Illuminate\Pipeline\{closure}(Object(Illuminate\Http\Request))
#57 C:\xampp\htdocs\bank-sampah-main\vendor\laravel\framework\src\Illuminate\Pipeline\Pipeline.php(180): Illuminate\Http\Middleware\TrustProxies-&gt;handle(Object(Illuminate\Http\Request), Object(Closure))
#58 C:\xampp\htdocs\bank-sampah-main\vendor\laravel\framework\src\Illuminate\Pipeline\Pipeline.php(116): Illuminate\Pipeline\Pipeline-&gt;Illuminate\Pipeline\{closure}(Object(Illuminate\Http\Request))
#59 C:\xampp\htdocs\bank-sampah-main\vendor\laravel\framework\src\Illuminate\Foundation\Http\Kernel.php(175): Illuminate\Pipeline\Pipeline-&gt;then(Object(Closure))
#60 C:\xampp\htdocs\bank-sampah-main\vendor\laravel\framework\src\Illuminate\Foundation\Http\Kernel.php(144): Illuminate\Foundation\Http\Kernel-&gt;sendRequestThroughRouter(Object(Illuminate\Http\Request))
#61 C:\xampp\htdocs\bank-sampah-main\vendor\laravel\framework\src\Illuminate\Foundation\Testing\Concerns\MakesHttpRequests.php(573): Illuminate\Foundation\Http\Kernel-&gt;handle(Object(Illuminate\Http\Request))
#62 C:\xampp\htdocs\bank-sampah-main\vendor\laravel\framework\src\Illuminate\Foundation\Testing\Concerns\MakesHttpRequests.php(363): Illuminate\Foundation\Testing\TestCase-&gt;call('POST', 'http://localhos...', Array, Array, Array, Array)
#63 C:\xampp\htdocs\bank-sampah-main\tests\Feature\CrudExportFrontendTest.php(34): Illuminate\Foundation\Testing\TestCase-&gt;post('http://localhos...', Array)
#64 C:\xampp\htdocs\bank-sampah-main\vendor\phpunit\phpunit\src\Framework\TestCase.php(1102): Tests\Feature\CrudExportFrontendTest-&gt;test_crud_jenis_sampah()
#65 C:\xampp\htdocs\bank-sampah-main\vendor\laravel\framework\src\Illuminate\Foundation\Testing\TestCase.php(174): PHPUnit\Framework\TestCase-&gt;runTest()
#66 C:\xampp\htdocs\bank-sampah-main\vendor\phpunit\phpunit\src\Framework\TestCase.php(653): Illuminate\Foundation\Testing\TestCase-&gt;runTest()
#67 C:\xampp\htdocs\bank-sampah-main\vendor\phpunit\phpunit\src\Framework\TestRunner.php(103): PHPUnit\Framework\TestCase-&gt;runBare()
#68 C:\xampp\htdocs\bank-sampah-main\vendor\phpunit\phpunit\src\Framework\TestCase.php(489): PHPUnit\Framework\TestRunner-&gt;run(Object(Tests\Feature\CrudExportFrontendTest))
#69 C:\xampp\htdocs\bank-sampah-main\vendor\phpunit\phpunit\src\Framework\TestSuite.php(340): PHPUnit\Framework\TestCase-&gt;run()
#70 C:\xampp\htdocs\bank-sampah-main\vendor\phpunit\phpunit\src\Framework\TestSuite.php(340): PHPUnit\Framework\TestSuite-&gt;run()
#71 C:\xampp\htdocs\bank-sampah-main\vendor\phpunit\phpunit\src\Framework\TestSuite.php(340): PHPUnit\Framework\TestSuite-&gt;run()
#72 C:\xampp\htdocs\bank-sampah-main\vendor\phpunit\phpunit\src\TextUI\TestRunner.php(63): PHPUnit\Framework\TestSuite-&gt;run()
#73 C:\xampp\htdocs\bank-sampah-main\vendor\phpunit\phpunit\src\TextUI\Application.php(176): PHPUnit\TextUI\TestRunner-&gt;run(Object(PHPUnit\TextUI\Configuration\Configuration), Object(PHPUnit\Runner\ResultCache\DefaultResultCache), Object(PHPUnit\Framework\TestSuite))
#74 C:\xampp\htdocs\bank-sampah-main\vendor\phpunit\phpunit\phpunit(99): PHPUnit\TextUI\Application-&gt;run(Array)
#75 {main}

----------------------------------------------------------------------------------

SQLSTATE[01000]: Warning: 1265 Data truncated for column 'kategori' at row 1 (Connection: mysql, SQL: insert into `jenis_sampahs` (`name`, `kategori`, `harga`, `deskripsi`, `foto`, `updated_at`, `created_at`) values (Plastik, Sampah Kering, 500, Sampah plastik, ?, 2025-06-17 14:12:35, 2025-06-17 14:12:35))
&#13;
C:\xampp\htdocs\bank-sampah-main\vendor\laravel\framework\src\Illuminate\Testing\TestResponse.php:146
C:\xampp\htdocs\bank-sampah-main\tests\Feature\CrudExportFrontendTest.php:40
C:\xampp\htdocs\bank-sampah-main\vendor\laravel\framework\src\Illuminate\Foundation\Testing\TestCase.php:174</failure>
        </testcase>
        <testcase name="test_crud_user_management" file="C:\xampp\htdocs\bank-sampah-main\tests\Feature\CrudExportFrontendTest.php" line="62" class="Tests\Feature\CrudExportFrontendTest" classname="Tests.Feature.CrudExportFrontendTest" assertions="0" time="0.003046">
          <error type="Symfony\Component\Routing\Exception\RouteNotFoundException">Tests\Feature\CrudExportFrontendTest::test_crud_user_management&#13;
Symfony\Component\Routing\Exception\RouteNotFoundException: Route [user_management.store] not defined.
&#13;
C:\xampp\htdocs\bank-sampah-main\vendor\laravel\framework\src\Illuminate\Routing\UrlGenerator.php:479
C:\xampp\htdocs\bank-sampah-main\vendor\laravel\framework\src\Illuminate\Foundation\helpers.php:811
C:\xampp\htdocs\bank-sampah-main\tests\Feature\CrudExportFrontendTest.php:67
C:\xampp\htdocs\bank-sampah-main\vendor\laravel\framework\src\Illuminate\Foundation\Testing\TestCase.php:174</error>
        </testcase>
        <testcase name="test_crud_penjemputan" file="C:\xampp\htdocs\bank-sampah-main\tests\Feature\CrudExportFrontendTest.php" line="94" class="Tests\Feature\CrudExportFrontendTest" classname="Tests.Feature.CrudExportFrontendTest" assertions="2" time="0.008953">
          <failure type="PHPUnit\Framework\ExpectationFailedException">Tests\Feature\CrudExportFrontendTest::test_crud_penjemputan&#13;
Failed asserting that two strings are equal.&#13;
&#13;
The following errors occurred during the last request:

The jadwal field is required.&#13;
The lokasi koordinat field is required.&#13;

--- Expected
+++ Actual
@@ @@
-'http://localhost/admin/penjemputan'
+'http://localhost'
&#13;
C:\xampp\htdocs\bank-sampah-main\vendor\laravel\framework\src\Illuminate\Testing\TestResponse.php:310
C:\xampp\htdocs\bank-sampah-main\vendor\laravel\framework\src\Illuminate\Testing\TestResponse.php:177
C:\xampp\htdocs\bank-sampah-main\tests\Feature\CrudExportFrontendTest.php:104
C:\xampp\htdocs\bank-sampah-main\vendor\laravel\framework\src\Illuminate\Foundation\Testing\TestCase.php:174</failure>
        </testcase>
        <testcase name="test_crud_transaksi" file="C:\xampp\htdocs\bank-sampah-main\tests\Feature\CrudExportFrontendTest.php" line="125" class="Tests\Feature\CrudExportFrontendTest" classname="Tests.Feature.CrudExportFrontendTest" assertions="0" time="0.003085">
          <error type="Error">Tests\Feature\CrudExportFrontendTest::test_crud_transaksi&#13;
Error: Class "Database\Factories\Jenis_sampahFactory" not found
&#13;
C:\xampp\htdocs\bank-sampah-main\vendor\laravel\framework\src\Illuminate\Database\Eloquent\Factories\Factory.php:829
C:\xampp\htdocs\bank-sampah-main\vendor\laravel\framework\src\Illuminate\Database\Eloquent\Factories\HasFactory.php:16
C:\xampp\htdocs\bank-sampah-main\tests\Feature\CrudExportFrontendTest.php:130
C:\xampp\htdocs\bank-sampah-main\vendor\laravel\framework\src\Illuminate\Foundation\Testing\TestCase.php:174</error>
        </testcase>
        <testcase name="test_crud_saldo" file="C:\xampp\htdocs\bank-sampah-main\tests\Feature\CrudExportFrontendTest.php" line="161" class="Tests\Feature\CrudExportFrontendTest" classname="Tests.Feature.CrudExportFrontendTest" assertions="0" time="0.002724">
          <error type="Symfony\Component\Routing\Exception\RouteNotFoundException">Tests\Feature\CrudExportFrontendTest::test_crud_saldo&#13;
Symfony\Component\Routing\Exception\RouteNotFoundException: Route [saldo.store] not defined.
&#13;
C:\xampp\htdocs\bank-sampah-main\vendor\laravel\framework\src\Illuminate\Routing\UrlGenerator.php:479
C:\xampp\htdocs\bank-sampah-main\vendor\laravel\framework\src\Illuminate\Foundation\helpers.php:811
C:\xampp\htdocs\bank-sampah-main\tests\Feature\CrudExportFrontendTest.php:168
C:\xampp\htdocs\bank-sampah-main\vendor\laravel\framework\src\Illuminate\Foundation\Testing\TestCase.php:174</error>
        </testcase>
        <testcase name="test_export_and_pdf_generation" file="C:\xampp\htdocs\bank-sampah-main\tests\Feature\CrudExportFrontendTest.php" line="191" class="Tests\Feature\CrudExportFrontendTest" classname="Tests.Feature.CrudExportFrontendTest" assertions="0" time="0.002366">
          <error type="Symfony\Component\Routing\Exception\RouteNotFoundException">Tests\Feature\CrudExportFrontendTest::test_export_and_pdf_generation&#13;
Symfony\Component\Routing\Exception\RouteNotFoundException: Route [user_management.cetakPDF] not defined.
&#13;
C:\xampp\htdocs\bank-sampah-main\vendor\laravel\framework\src\Illuminate\Routing\UrlGenerator.php:479
C:\xampp\htdocs\bank-sampah-main\vendor\laravel\framework\src\Illuminate\Foundation\helpers.php:811
C:\xampp\htdocs\bank-sampah-main\tests\Feature\CrudExportFrontendTest.php:196
C:\xampp\htdocs\bank-sampah-main\vendor\laravel\framework\src\Illuminate\Foundation\Testing\TestCase.php:174</error>
        </testcase>
        <testcase name="test_frontend_interactions" file="C:\xampp\htdocs\bank-sampah-main\tests\Feature\CrudExportFrontendTest.php" line="222" class="Tests\Feature\CrudExportFrontendTest" classname="Tests.Feature.CrudExportFrontendTest" assertions="0" time="0.002361">
          <error type="Symfony\Component\Routing\Exception\RouteNotFoundException">Tests\Feature\CrudExportFrontendTest::test_frontend_interactions&#13;
Symfony\Component\Routing\Exception\RouteNotFoundException: Route [user_management.store] not defined.
&#13;
C:\xampp\htdocs\bank-sampah-main\vendor\laravel\framework\src\Illuminate\Routing\UrlGenerator.php:479
C:\xampp\htdocs\bank-sampah-main\vendor\laravel\framework\src\Illuminate\Foundation\helpers.php:811
C:\xampp\htdocs\bank-sampah-main\tests\Feature\CrudExportFrontendTest.php:227
C:\xampp\htdocs\bank-sampah-main\vendor\laravel\framework\src\Illuminate\Foundation\Testing\TestCase.php:174</error>
        </testcase>
      </testsuite>
    </testsuite>
  </testsuite>
</testsuites>
